20230222	16:48:55	245ecfad-e98e-4a83-b431-71320e35b7c6	POST	/auth/login	undefined
20230222	16:49:05	74157d76-6d9c-464e-98bd-33915a18baf2	POST	/job/post-job	undefined
20230222	17:03:12	b402c23b-7940-47e0-a261-96d7e34fd881	POST	/auth/login	undefined
20230222	17:03:21	e76fb884-b75b-455a-945c-a42428cd33ce	POST	/job/post-job	undefined
20230222	17:04:05	778b5079-bc4d-4ae2-a04e-a3bf53bb5211	POST	/job/post-job	undefined
20230222	17:20:05	8a04950c-2878-46a5-a8ab-d6825bae7cc6	POST	/job/post-job	undefined
20230222	17:21:15	c9441afe-1d4d-492c-8879-a013558cf2b5	POST	/job/post-job	undefined
20230222	17:33:45	3fe0dcbf-b2e6-4025-8e27-2f6a9d3ab54f	POST	/job/post-job	undefined
20230222	17:34:07	844b0e52-9960-4095-b610-b12f4304ae98	POST	/job/post-job	undefined
20230222	17:37:06	a2b3fda7-242a-4f9e-89c0-c5387f6babc9	POST	/job/post-job	undefined
20230222	17:37:12	303e8c44-44c1-473c-bbaa-21f17c14e9b3	POST	/auth/login	undefined
20230222	17:37:29	fd420988-aeff-4f7a-9e34-899affcdf330	POST	/auth/login	undefined
20230222	17:37:36	e14bd5f6-f745-4165-a9a7-c50c5bf6c184	POST	/job/post-job	undefined
20230222	17:38:51	20e405a2-e08b-46fd-b2bd-67e1491a00ea	POST	/job/post-job	undefined
20230222	17:43:46	b80bb32a-ccc2-489b-927f-23d9282c13a7	POST	/job/post-job	undefined
20230222	17:44:10	549e486a-0854-4404-8398-85cae37bf246	POST	/job/post-job	undefined
20230222	17:44:12	5b4c52fe-2643-45e1-ad34-e7564af7bc10	POST	/job/post-job	undefined
20230222	17:44:22	a5b107e3-c93c-46c2-966a-51b25c97c2be	POST	/job/post-job	undefined
20230222	17:44:23	cbda0bdf-b865-4893-93e1-7bc6b0941d6a	POST	/job/post-job	undefined
20230222	17:50:28	8699e408-c35f-454c-82fb-f5d544a33829	POST	/auth/login	undefined
20230222	17:51:10	4eee4c65-526a-49ce-b16d-eb1d4222061f	POST	/job/post-job	undefined
20230222	17:51:11	61beca87-7527-40a4-9675-45d667f76d4d	POST	/job/post-job	undefined
20230222	17:53:54	0922bd62-0efa-438f-a15b-957b662295cd	POST	/job/post-job	undefined
20230222	17:54:11	39841474-0075-41c1-8012-9b1ebd311277	POST	/job/post-job	undefined
20230222	17:54:12	0a7ada9f-4acf-4eb0-ac63-76a868ad4a8b	POST	/job/post-job	undefined
20230222	17:59:42	12ab3a38-e636-4e70-87ba-34b577e1a45a	POST	/job/post-job	undefined
20230222	18:22:43	c279c57a-1d67-4aef-8065-b434189604d6	POST	/auth/login	undefined
20230222	18:22:51	f0a2156c-7457-4b4e-a582-53e8b1187925	POST	/job/post-job	undefined
20230222	18:23:46	e915aec5-43d1-48d9-96d0-cd02f7370746	POST	/job/post-job	undefined
20230222	18:23:48	1dfda3bf-38fe-4348-95b8-247f313ef2f3	POST	/job/post-job	undefined
20230222	18:23:57	7a53fc60-1994-4bff-a5b1-fec0b6c5b43d	POST	/job/post-job	undefined
20230222	18:25:38	b1af949c-3125-4093-920c-7273a5a92530	POST	/job/post-job	undefined
20230222	18:25:39	f6a6e8c3-20ce-4124-922e-6a319658746e	POST	/job/post-job	undefined
20230222	18:25:39	7f0cc68d-4491-4967-b8f8-3bc5c6699a53	POST	/job/post-job	undefined
20230222	18:37:04	391056b3-7374-424d-b4c8-4a67d1944653	POST	/job/post-job	undefined
20230222	18:41:05	58f534e0-14e9-4b7c-b4fd-597d1fac4bad	POST	/job/post-job	undefined
20230222	18:41:34	af47bdf8-8afd-4aeb-9a9f-37e8529ad932	POST	/job/post-job	undefined
20230222	18:41:49	9aab63ee-cc2c-4f1a-a22f-0efce02c9959	POST	/job/post-job	undefined
20230222	18:42:04	a51e0f95-a919-47c0-96fb-6ab1e318f164	POST	/job/post-job	undefined
20230222	18:42:23	266230de-af02-41ab-ab61-8ae95c8fb456	POST	/job/post-job	undefined
20230222	18:43:58	0697f5db-b62a-4e0c-9891-edd41adac1e3	POST	/job/post-job	undefined
20230222	18:44:47	d817a931-64c5-49d1-a259-0c9702ef86c4	POST	/job/post-job	undefined
20230222	18:48:37	43d8c6ef-3a57-4afc-ba6e-603edb464033	POST	/job/post-job	undefined
20230222	18:48:57	f0403503-48d8-4f4f-a11c-5e4019a3a8fa	POST	/job/post-job	undefined
20230222	18:49:14	24958bd6-495b-4b7c-b268-592643630448	POST	/auth/login	undefined
20230222	18:49:24	f81e9654-bd11-4578-97e6-11eb1fc1ff83	POST	/job/post-job	undefined
20230222	19:00:09	efcf560f-b055-41a3-a421-60d4be7db19f	POST	/auth/login	undefined
20230222	19:00:32	ce7e108f-78f0-452d-a09f-692a92174410	POST	/auth/login/63f476680a02e452e18c32b4	undefined
20230222	19:00:37	ad6d9fbd-1624-4c12-94ff-ac3ddd0ac1f4	PATCH	/auth/login/63f476680a02e452e18c32b4	undefined
20230222	19:01:00	3a7f94f7-cae9-4550-8cb5-ff7196fb0edc	PATCH	/auth/changePassword/63f476680a02e452e18c32b4	undefined
20230222	19:02:17	c7018a42-1097-440a-875f-319f651852f5	PATCH	/auth/changePassword/63f476680a02e452e18c32b4	undefined
20230222	19:02:20	26c4434c-51b1-49ef-a2e5-47d0fb73baed	PATCH	/auth/changePassword/63f476680a02e452e18c32b4	undefined
20230222	19:02:23	c9858c4f-f0fa-403e-bfef-4f6ff3486fb2	PATCH	/auth/changePassword/63f476680a02e452e18c32b4	undefined
20230222	19:02:57	37ad198c-f2fb-430d-bcac-60ad878ec600	POST	/auth/login	undefined
20230222	19:03:17	171f40f3-9489-49ce-92c4-8fbc570d2d0b	PATCH	/auth/changePassword/63f476680a02e452e18c32b4	undefined
20230222	19:04:23	86c5b520-996f-4f4c-bba2-e859989661f6	PATCH	/auth/changePassword/63f476680a02e452e18c32b4	undefined
20230222	19:04:30	892aa1d7-23a3-4030-94c5-6945eccec852	PATCH	/auth/changePassword/63f476680a02e452e18c32b4	undefined
20230222	19:04:37	6444b215-8495-4b7a-a897-58acb5d1ca15	PATCH	/auth/changePassword/63f476680a02e452e18c32b4	undefined
20230222	19:05:08	48bb92e0-db65-4985-9e3b-0dc8e59a32fb	PATCH	/auth/changePassword/63f476680a02e452e18c32b4	undefined
20230222	20:04:53	72d7e7af-13f0-4911-ae88-df35f99103ee	POST	/auth/login	undefined
20230222	20:05:02	5e38a708-d720-4e15-9ea7-d4cb072676a5	GET	/job/job-single/63f3d42fe59a936c17c9ef09	undefined
20230222	20:05:51	5086192e-a624-4295-8023-028dbe374447	GET	/job/job-single/63f3d42fe59a936c17c9ef09	undefined
20230222	20:06:25	5ae0bf70-3b7c-4e41-8cbc-adc8154e922e	GET	/job/job-single/63f3d42fe59a936c17c9ef09	undefined
20230222	20:07:19	94d9a19f-d463-4533-931c-8aac6b7da567	GET	/job/job-single/63f3d42fe59a936c17c9ef09	undefined
20230222	20:08:16	31e2d3c1-80b9-4557-98bd-cae43aa47c2f	GET	/job/job-single/63f3d42fe59a936c17c9ef09	undefined
20230222	20:08:23	1f5ea6f1-fe0b-45b0-89bb-75f870aab0a0	GET	/job/job-single/63f3d42fe59a936c17c9ef09	undefined
20230222	20:08:31	ba6451d0-6f23-4baf-ab30-3090d63ecd63	GET	/job/job-single/63f3d42fe59a936c17c9ef09	undefined
20230222	20:08:37	b21a3786-0444-4c60-87d8-948fb5c29bfd	GET	/job/job-single/63f3d42fe59a936c17c9ef09	undefined
20230222	20:10:58	4d43006a-0030-40d9-9fd7-dac5ea76e820	GET	/job/job-single/63f3d42fe59a936c17c9ef09	undefined
20230222	20:11:25	98393657-362b-4c8d-aa9b-4a292d687fea	GET	/job/job-single/63f3d42fe59a936c17c9ef09	undefined
20230222	20:11:27	1a3d8acf-cb6d-4b22-84e8-c57dfdb6643b	GET	/job/job-single/63f3d42fe59a936c17c9ef09	undefined
20230222	20:14:19	6fd3dfbb-b86a-4ad2-9383-af993c2c381d	GET	/job/job-single/63f3d42fe59a936c17c9ef09	undefined
20230222	20:14:21	3c9ec535-e670-434b-9ff2-813527a3415c	GET	/job/job-single/63f3d42fe59a936c17c9ef09	undefined
20230222	20:14:24	2f1192b8-679f-45f0-bdba-342a4ddaa288	GET	/job/job-single/63f3d42fe59a936c17c9ef09	undefined
20230222	20:19:02	695021d3-c5f8-4c9f-b32f-13f2c3c66409	POST	/job/post-job	undefined
20230222	20:19:34	570ced35-1fc4-4286-a5cc-063222fb1f9d	POST	/auth/login	undefined
20230222	20:19:45	ec2cc1ba-e7cf-4f06-8024-cfdd157f7bac	POST	/job/post-job	undefined
20230223	18:33:10	1f07908b-6b3f-45ae-b672-6cd18445e676	POST	/auth/login	undefined
20230223	18:33:31	d60bec0f-b42d-44f0-99bc-7520f2165646	GET	/job/job-single/63f3d42fe59a936c17c9ef09	undefined
20230223	18:33:39	688c79fd-d8e6-4b1c-a784-47b97b7e2919	GET	/job/job-single/63f7a2a5e59a936c17c9ef22	undefined
20230223	18:36:04	0c959d46-c255-46a8-90b7-8e1882987b3b	GET	/job/jobs-applied/63f3d060e59a936c17c9eeec	undefined
20230223	18:38:24	0da69bde-1924-424c-ad1b-96a9b6c2c90e	GET	/job/jobs-applied/63f3d060e59a936c17c9eeec	undefined
20230223	18:38:35	86343864-0e6a-4595-9bf6-a3f575b278a1	GET	/job/jobs-applied/63f3d060e59a936c17c9eeec	undefined
20230223	18:38:42	61757ba3-349e-4d15-9b96-26fe029ca07d	GET	/job/jobs-applied/63f7a2a5e59a936c17c9ef22	undefined
20230223	18:39:58	afa24a18-c09e-46d5-8828-edbfd7afcac9	GET	/job/jobs-applied/63f3d060e59a936c17c9eeec	undefined
20230223	18:40:20	c3390dbf-5dba-4c6a-9cef-60877449109f	POST	/auth/login	undefined
20230223	18:40:48	3e76a515-788a-4956-af79-e2ab3bdae81b	GET	/job/jobs-applied/63f3d060e59a936c17c9eeec	undefined
20230223	18:40:59	988c08c3-6bbd-497c-abbc-c644bd1f8f20	GET	/job/jobs-applied/63f3d060e59a936c17c9eeec	undefined
20230223	18:45:55	e7c08426-e22b-4771-a72f-13ad21ae8286	GET	/job/jobs-applied/63f3d060e59a936c17c9eeec	undefined
20230223	18:48:43	3a45b3d1-11a3-446e-ac76-df3de7331d8a	GET	/job/jobs-applied/63f3d060e59a936c17c9eeec	undefined
20230223	18:48:58	7f3e6ecd-e1e3-42ce-80ce-546d90ff9950	POST	/auth/login	undefined
20230223	18:49:14	aaf7c0e4-f516-4571-8c54-6a3c64629a1c	POST	/auth/login	undefined
20230223	18:49:24	9b0dd303-247d-443c-9cf2-f8eb54b0d85c	GET	/job/jobs-applied/63f3d060e59a936c17c9eeec	undefined
20230223	18:50:36	3ebe9a9c-2d05-4931-9190-050c9aa46d76	GET	/job/jobs-applied/63f3d060e59a936c17c9eeec	undefined
20230223	18:50:37	8102f2fc-3248-422d-addd-07574c3dfc26	GET	/job/jobs-applied/63f3d060e59a936c17c9eeec	undefined
20230223	18:50:50	bb5c5489-93b1-480e-ac2a-d3189ff4c9c5	GET	/job/jobs-applied/63f3d060e59a936c17c9eeec	undefined
20230223	18:51:35	8b71b8e3-a81f-46dc-994f-2a6121b9c70a	GET	/job/jobs-applied/63f476530a02e452e18c32ae	undefined
20230223	18:51:36	e8db822b-2621-42b6-9ad1-e3cdf86e4cda	GET	/job/jobs-applied/63f476530a02e452e18c32ae	undefined
20230223	18:51:52	e22575d7-e044-4043-b3c8-f0dba3be8ad1	GET	/job/jobs-applied/63f476530a02e452e18c32ae	undefined
20230223	18:52:10	7d859592-da90-4483-ac5f-a05a8147aaef	GET	/job/jobs-applied/63f476530a02e452e18c32ae	undefined
20230223	18:52:26	e4713577-7929-46d5-b515-4c5538e50160	GET	/job/jobs-applied/63f476530a02e452e18c32ae	undefined
20230223	18:53:36	49ea0212-3c68-43e6-9e5d-881562d59d0b	GET	/job/jobs-applied/63f476530a02e452e18c32ae	undefined
20230223	18:53:38	29c82a39-026e-409c-946d-e431135e3a5f	GET	/job/jobs-applied/63f476530a02e452e18c32ae	undefined
20230223	18:53:39	bef23612-79cb-480f-906b-6f488d0de20c	GET	/job/jobs-applied/63f476530a02e452e18c32ae	undefined
20230223	18:53:39	b132590c-7dc1-4d96-9ef1-48185e4e17dc	GET	/job/jobs-applied/63f476530a02e452e18c32ae	undefined
20230223	18:53:39	5fa8cc78-e6a8-45be-a7b6-8c8c83139ab9	GET	/job/jobs-applied/63f476530a02e452e18c32ae	undefined
20230223	18:53:39	657b8de6-8a19-4f7a-8987-ae54b97d8ec3	GET	/job/jobs-applied/63f476530a02e452e18c32ae	undefined
20230223	18:53:39	870e1acf-f65f-4c57-8c88-bd873d9d944c	GET	/job/jobs-applied/63f476530a02e452e18c32ae	undefined
20230223	18:53:40	1f208801-b155-49ab-ac5b-ffc352bd0591	GET	/job/jobs-applied/63f476530a02e452e18c32ae	undefined
20230223	18:54:41	4aae1336-0d4d-4c69-a3b1-e8c592fe5213	GET	/job/jobs-applied/63f476530a02e452e18c32ae	undefined
20230223	18:54:54	6d2eb662-7120-45a6-81bb-2c39895fa868	GET	/job/jobs-applied/63f476530a02e452e18c32ae	undefined
20230223	18:55:44	89432c8e-7c6a-425b-9b62-c3f59e3119e9	GET	/job/jobs-applied/63f476530a02e452e18c32ae	undefined
20230223	18:56:02	b2430729-9dcf-476c-85d0-37f63fe349c1	GET	/job/jobs-applied/63f476530a02e452e18c32ae	undefined
20230223	18:56:13	ae615a8b-8945-4031-a23c-dc35d7b940bb	GET	/job/jobs-applied/63f476530a02e452e18c32ae	undefined
20230223	18:56:39	674ed693-a3eb-4894-8ac1-a615c1edc0d5	GET	/job/jobs-applied/63f476530a02e452e18c32ae	undefined
20230223	18:57:14	ae936bb4-1e55-43ac-95f7-7f356bb9d432	GET	/job/jobs-applied/63f476530a02e452e18c32ae	undefined
20230223	18:57:17	a6dd94e1-7c81-4426-8c61-37ac74b76cae	GET	/job/jobs-applied/63f476530a02e452e18c32ae	undefined
20230223	18:57:20	3c71e1bf-560a-493a-8a2d-17d97729b012	GET	/job/jobs-applied/63f476530a02e452e18c32ae	undefined
20230223	19:23:06	fcebf026-319b-4592-bd18-3d07a3661f4c	POST	/auth/login	undefined
20230223	19:23:13	ef5ba3fd-0367-4f91-a2d8-323f24b2ddc4	POST	/auth/login	undefined
20230223	19:23:25	f845d519-7e97-4f04-8187-2c485d14ada1	POST	/job/post-job	undefined
20230223	19:23:44	ed99b6d4-fefb-4c8c-a73d-7aa25374609c	POST	/job/post-job	undefined
20230223	19:24:34	06668036-f97b-452d-b876-d8d79fdc85ea	POST	/job/post-job	undefined
20230223	19:25:21	1deab79b-9e5c-4194-8eaf-799214c8023b	POST	/job/post-job	undefined
20230223	19:25:35	43e82c58-6c4b-4515-8d49-1a4282239a11	POST	/job/post-job	undefined
20230223	19:30:19	7c317aec-0961-41e3-827e-f5b7c2426480	POST	/job/post-job	undefined
20230223	19:34:18	48f22fab-17f5-44f2-832a-e707125178ec	POST	/job/post-job	undefined
20230223	19:35:03	b8d982ce-6692-455a-871d-1bf9fa9167e0	POST	/job/post-job	undefined
20230223	19:35:41	2db272b2-a821-42f7-b82e-8d000d3f69a8	POST	/job/post-job	undefined
20230223	19:38:54	6358aeb8-5519-479c-8a05-a4f9c2af435e	POST	/job/post-job	undefined
20230223	19:39:29	e8031fdf-52bb-4979-a4ef-4b7d74ea1429	POST	/auth/login	undefined
20230223	19:39:31	10a9d611-e3ae-4c09-b93e-2be993b2335c	POST	/job/post-job	undefined
20230224	21:34:09	97a71621-da9c-474e-9714-864927b71341	POST	/auth/login	undefined
20230224	21:34:11	44068535-c2c4-4708-8323-a0b5c34b6142	POST	/auth/login	undefined
20230224	21:34:51	848c7def-8ecd-4421-b1c1-e53d5ec78943	GET	/job/all-jobs	undefined
20230224	21:38:07	65011fe6-8157-439f-ac9f-9c8f90e11fd4	GET	/job/all-jobs	undefined
20230224	21:39:48	26020411-540c-4a88-a101-ce5c90c909fe	GET	/job/all-jobs	undefined
20230224	21:40:31	3bc43871-e58e-4f37-bc84-f4ba9c97eb0e	GET	/job/jobs-applied/63f476530a02e452e18c32ae	undefined
20230224	21:42:17	7909a211-4e97-440c-898b-9acdc4155112	GET	/job/jobs-applied/63f476530a02e452e18c32ae	undefined
20230224	21:45:46	a5f3ab43-ce77-44af-8c45-4deba4bcdc14	GET	/job/jobs-applied/63f476530a02e452e18c32ae	undefined
20230224	21:45:59	a03e246d-09b2-4dff-881d-b02e97106a95	GET	/job/jobs-applied/63f476530a02e452e18c32ae	undefined
20230224	21:46:11	4cf3de02-abc8-440e-9d08-dbaef8bd8e0e	GET	/job/jobs-applied/63f476530a02e452e18c32ae	undefined
20230224	21:46:38	17c5972a-b117-4ee9-9db2-3e07310bab55	GET	/job/jobs-applied/63f476530a02e452e18c32ae	undefined
20230224	21:47:35	79614970-a300-4380-ac77-d56050f2e0d5	GET	/job/jobs-applied/63f476530a02e452e18c32ae	undefined
20230224	21:49:56	f561cc42-99c8-4357-add0-1d688cb2da8b	GET	/job/jobs-applied/63f476530a02e452e18c32ae	undefined
20230224	21:49:58	b2825976-6c9c-4858-a7fd-5baa3ffc8662	GET	/job/jobs-applied/63f476530a02e452e18c32ae	undefined
20230224	21:49:59	e4aaf4a3-5fa8-499f-b8a2-a39afb19ea36	GET	/job/jobs-applied/63f476530a02e452e18c32ae	undefined
20230224	21:49:59	47f76261-6bbc-4b08-8eb0-cb12ab9ca3e9	GET	/job/jobs-applied/63f476530a02e452e18c32ae	undefined
20230224	21:50:00	bcc4ddba-aaa6-4e68-b321-f1dcb5f0366f	GET	/job/jobs-applied/63f476530a02e452e18c32ae	undefined
20230224	21:50:00	ad64bba5-e6a7-4c5d-98bb-77607cea5f39	GET	/job/jobs-applied/63f476530a02e452e18c32ae	undefined
20230224	21:53:04	ae571441-e0e7-40b3-9798-9472f150d99d	GET	/job/jobs-applied/63f476530a02e452e18c32ae	undefined
20230224	21:54:23	0dd42d1f-835d-40ca-8f72-c23530dacf14	POST	/auth/login	undefined
20230224	21:54:40	125c2400-8582-4a1c-a830-73992b36a0bb	DELETE	/job/jobs-applied/63f476530a02e452e18c32ae/63f7b2e3280cec8e99daf70a	undefined
20230224	21:54:47	44052866-f1e2-47a7-8cac-ac78a6fea744	POST	/auth/login	undefined
20230224	21:54:58	542647e8-05c6-484a-996f-89e3b7885320	DELETE	/job/jobs-applied/63f476530a02e452e18c32ae/63f7b2e3280cec8e99daf70a	undefined
20230224	21:55:23	60f5f81b-b5f9-4a89-9158-24325630f2d2	DELETE	/job/jobs-applied/63f476530a02e452e18c32ae/63f7b2e3280cec8e99daf70a	undefined
20230224	21:56:16	e1b4e57f-f0f2-4cce-8de9-98e157487ae9	POST	/auth/login	undefined
20230224	21:56:24	e8588e4d-9cfe-422d-aeec-ba51bb123b43	DELETE	/job/jobs-applied/63f476530a02e452e18c32ae/63f7b2e3280cec8e99daf70a	undefined
20230224	21:56:49	c09e4352-abea-44d2-b2c6-8b4c815c0f95	DELETE	/job/jobs-applied/63f476530a02e452e18c32ae/63f7b2e3280cec8e99daf70a	undefined
20230224	21:56:59	cee9a8e4-649b-4261-b612-1fd005f2b071	DELETE	/job/jobs-applied/63f476530a02e452e18c32ae/63f7b2e3280cec8e99daf70a	undefined
20230224	22:00:52	4edcc125-2869-4c6c-b09b-06771d3b1141	DELETE	/job/jobs-applied/63f476530a02e452e18c32ae/63f7b2e3280cec8e99daf70a	undefined
20230224	22:01:04	397b552f-f2eb-4ab6-8a26-c53da421829e	DELETE	/job/jobs-applied/63f476530a02e452e18c32ae/63f7b2e3280cec8e99daf70a	undefined
20230224	22:04:13	a3c35158-1fd5-4824-a495-b34115179221	DELETE	/job/jobs-applied/63f476530a02e452e18c32ae/63f7b2e3280cec8e99daf70a	undefined
20230224	22:04:28	692eb828-d993-4b5b-886a-22606b02f82b	GET	/job/jobs-applied/63f476530a02e452e18c32ae	undefined
20230224	22:04:37	119fee8a-5343-4bd4-a6da-bb027f072f5e	POST	/auth/login	undefined
20230224	22:04:49	12430495-c2c3-4072-af15-13162a1f9d9d	GET	/job/jobs-applied/63f476530a02e452e18c32ae	undefined
20230224	22:05:03	a454f456-bc67-4507-923e-d58dcbc895aa	GET	/job/jobs-applied/63f476530a02e452e18c32ae	undefined
20230224	22:05:23	9be68eba-4259-451e-b0d3-7ab0f87b8ca7	GET	/job/jobs-applied/63f476530a02e452e18c32ae	undefined
20230224	22:09:13	6e1c37a7-fe65-45ab-a7d7-032ecd16816f	DELETE	/job/jobs-applied/63f476530a02e452e18c32ae/63f7b2e3280cec8e99daf70a	undefined
20230224	22:09:24	f058f386-1e87-4221-b52f-259c63a882fe	DELETE	/job/jobs-applied/63f476530a02e452e18c32ae/63f7b2e3280cec8e99daf70a	undefined
20230224	22:09:36	91f2db29-b799-45da-b35c-a7cfd561dcea	DELETE	/job/jobs-applied/63f476530a02e452e18c32ae/63f7b2e3280cec8e99daf70a	undefined
20230224	22:09:52	116ada15-8b9e-4b96-8f6d-c411b0fb755b	DELETE	/job/jobs-applied/63f476530a02e452e18c32ae/63f7b2e3280cec8e99daf70a	undefined
20230224	22:10:25	2624642a-451b-4158-8936-6786bb716859	POST	/auth/login	undefined
20230224	22:10:53	57dce0eb-54d4-45f0-856e-5b843bed646e	DELETE	/job/jobs-applied/63f476530a02e452e18c32ae/63f7b2e3280cec8e99daf70a	undefined
20230224	22:11:06	3bccd33b-07d5-4869-9423-59f2f50516fc	POST	/auth/login	undefined
20230224	22:11:21	5d1afdfb-4492-43ad-831e-36b43f592436	DELETE	/job/jobs-applied/63f476530a02e452e18c32ae/63f7b2e3280cec8e99daf70a	undefined
20230224	22:11:34	bd26a897-bde0-4bcf-9c08-e28d0e02dab2	DELETE	/job/jobs-applied/63f476530a02e452e18c32ae/63f7b2e3280cec8e99daf70a	undefined
20230224	22:13:00	e74b5354-1e7e-433a-ba7b-fb529847e721	DELETE	/job/jobs-applied/63f476530a02e452e18c32ae/63f7b2e3280cec8e99daf70a	undefined
20230224	22:13:01	81abfb5a-a900-40d0-9083-2dc2c80b7d3e	DELETE	/job/jobs-applied/63f476530a02e452e18c32ae/63f7b2e3280cec8e99daf70a	undefined
20230224	22:13:01	494fe483-c667-4c64-a092-afa5afc7ab50	DELETE	/job/jobs-applied/63f476530a02e452e18c32ae/63f7b2e3280cec8e99daf70a	undefined
20230224	22:13:02	dab0ce63-a261-4212-8fc3-b34002985a6a	DELETE	/job/jobs-applied/63f476530a02e452e18c32ae/63f7b2e3280cec8e99daf70a	undefined
20230224	22:13:02	c3c2c887-e13d-4907-a857-86d40e3e5c01	DELETE	/job/jobs-applied/63f476530a02e452e18c32ae/63f7b2e3280cec8e99daf70a	undefined
20230224	22:13:03	d0541777-eab0-4094-81fe-6012f5b6ae15	DELETE	/job/jobs-applied/63f476530a02e452e18c32ae/63f7b2e3280cec8e99daf70a	undefined
20230224	22:13:03	697c2564-8870-439b-b1f9-07aacff49191	DELETE	/job/jobs-applied/63f476530a02e452e18c32ae/63f7b2e3280cec8e99daf70a	undefined
20230224	22:13:04	a656a9f6-36ba-4e28-9a40-55f173181704	DELETE	/job/jobs-applied/63f476530a02e452e18c32ae/63f7b2e3280cec8e99daf70a	undefined
20230224	22:13:25	d565cb70-e476-4a84-8320-fd5eb2cdeebe	DELETE	/job/jobs-applied/63f476530a02e452e18c32ae/63f7b2e3280cec8e99daf70a	undefined
20230224	22:13:39	a4ec5f8b-82ec-4783-aaf2-a9382ab332c3	DELETE	/job/jobs-applied/63f476530a02e452e18c32ae/63f7b2e3280cec8e99daf70a	undefined
20230224	22:13:57	79bc0295-13ec-4131-b57a-c963f20ba2cc	POST	/auth/login	undefined
20230224	22:14:07	e477c494-f24c-4143-baae-0ad663bbc325	DELETE	/job/jobs-applied/63f476530a02e452e18c32ae/63f7b2e3280cec8e99daf70a	undefined
20230224	22:14:52	47952d94-51e6-433a-8f7a-cc5e282b2ae8	DELETE	/job/jobs-applied/63f476530a02e452e18c32ae/63f7b2e3280cec8e99daf70a	undefined
20230224	22:14:53	06cf510b-db70-479e-a38d-d03488eeb1b6	DELETE	/job/jobs-applied/63f476530a02e452e18c32ae/63f7b2e3280cec8e99daf70a	undefined
20230224	22:14:53	044e094d-5e5c-4f75-9cad-073f0f162345	DELETE	/job/jobs-applied/63f476530a02e452e18c32ae/63f7b2e3280cec8e99daf70a	undefined
20230224	22:14:54	5668cea8-2c9c-432f-b4de-03cf024e67fa	DELETE	/job/jobs-applied/63f476530a02e452e18c32ae/63f7b2e3280cec8e99daf70a	undefined
20230224	22:14:54	90a9b9a0-09f1-4f50-b049-c4f02c95fd74	DELETE	/job/jobs-applied/63f476530a02e452e18c32ae/63f7b2e3280cec8e99daf70a	undefined
20230224	22:14:58	27df5902-f445-4a33-93ee-7d332aef2309	POST	/auth/login	undefined
20230224	22:14:59	87943d02-d20d-4956-ae8a-56dd49592f2d	POST	/auth/login	undefined
20230224	22:15:00	be24250b-810f-47d4-a4c4-6ec4a2f6d534	POST	/auth/login	undefined
20230224	22:15:01	9123356a-4a6f-4c3c-8b4b-4ad0b5166fe8	POST	/auth/login	undefined
20230224	22:15:01	c53bf66c-9647-417e-b9d4-33c19633269d	POST	/auth/login	undefined
20230224	22:15:02	974cfcdc-22fa-4feb-a84a-3bd6b7a21f34	POST	/auth/login	undefined
20230224	22:15:06	faeeeea2-a7bb-4246-b6b6-c85e65234560	POST	/auth/login	undefined
20230224	22:15:07	be2b217b-ca4e-414c-95c4-05fb225c2b5f	POST	/auth/login	undefined
20230224	22:15:31	31eb3b01-3338-48c8-ab17-f0af9ed0950a	DELETE	/job/jobs-applied/63f476530a02e452e18c32ae/63f7b2e3280cec8e99daf70a	undefined
20230224	22:15:35	1344e87a-ef0a-4ade-8327-74cc1c59f32c	DELETE	/job/jobs-applied/63f476530a02e452e18c32ae/63f7b2e3280cec8e99daf70a	undefined
20230224	22:15:49	0486829c-3fd0-483d-abf9-d2676bbe4a13	DELETE	/job/jobs-applied/63f476530a02e452e18c32ae/63f7b2e3280cec8e99daf70a	undefined
20230224	22:17:32	3b924c0c-be46-44cb-ada9-229a1d09f3b3	DELETE	/job/jobs-applied/63f476530a02e452e18c32ae/63f7b2e3280cec8e99daf70a	undefined
20230224	22:23:47	46b2f1a6-00cf-4dd9-8a6b-15059f1f9087	DELETE	/job/jobs-applied/63f476530a02e452e18c32ae/63f7b2e3280cec8e99daf70a	undefined
